INFO (14/11/2023 10:38:04): Assets path configured: C:\Users\chidorio\Desktop\Scan\assets (Line: 611) [app.py]
INFO (14/11/2023 10:38:04): Starting up TCP server on ('localhost', 64368) (Line: 52) [sync_local_socket_connection.py]
DEBUG (14/11/2023 10:38:04): Waiting for a client connection (Line: 149) [sync_local_socket_connection.py]
INFO (14/11/2023 10:38:04): App URL: tcp://localhost:64368 (Line: 152) [app.py]
INFO (14/11/2023 10:38:04): Connected to Flet app and handling user sessions... (Line: 154) [app.py]
INFO (14/11/2023 10:38:04): Starting Flet View app... (Line: 616) [app.py]
INFO (14/11/2023 10:38:04): Flet View found in: C:\Users\chidorio\Desktop\Scan\venv\Lib\site-packages\flet\bin\flet\flet.exe (Line: 630) [app.py]
DEBUG (14/11/2023 10:38:05): Connection from ('127.0.0.1', 64369) (Line: 152) [sync_local_socket_connection.py]
DEBUG (14/11/2023 10:38:05): Message size: 309 (Line: 184) [sync_local_socket_connection.py]
DEBUG (14/11/2023 10:38:05): _on_message: {"action":"registerWebClient","payload":{"pageName":"","pageRoute":"/","pageWidth":"0.0","pageHeight":"0.0","windowWidth":"1280.0","windowHeight":"720.0","windowTop":"10.0","windowLeft":"10.0","isPWA":"false","isWeb":"false","isDebug":"false","platform":"windows","platformBrightness":"light","sessionId":""}} (Line: 78) [sync_local_socket_connection.py]
DEBUG (14/11/2023 10:38:05): __send: {"action":"registerWebClient","payload":{"session":{"id":"","controls":{"page":{"i":"page","t":"page","p":"","c":[],"route":"/","width":"0.0","height":"0.0","windowwidth":"1280.0","windowheight":"720.0","windowtop":"10.0","windowleft":"10.0","pwa":"false","web":"false","debug":"false","platform":"windows","platformBrightness":"light"}}},"error":"","appInactive":false}} (Line: 166) [sync_local_socket_connection.py]
DEBUG (14/11/2023 10:38:05): Sent: 375 (Line: 174) [sync_local_socket_connection.py]
DEBUG (14/11/2023 10:38:05): _process_command: get ['page', 'route'] {} (Line: 83) [local_connection.py]
DEBUG (14/11/2023 10:38:05): _process_command: get ['page', 'pwa'] {} (Line: 83) [local_connection.py]
DEBUG (14/11/2023 10:38:05): _process_command: get ['page', 'web'] {} (Line: 83) [local_connection.py]
DEBUG (14/11/2023 10:38:05): _process_command: get ['page', 'debug'] {} (Line: 83) [local_connection.py]
DEBUG (14/11/2023 10:38:05): _process_command: get ['page', 'platform'] {} (Line: 83) [local_connection.py]
DEBUG (14/11/2023 10:38:05): _process_command: get ['page', 'platformBrightness'] {} (Line: 83) [local_connection.py]
DEBUG (14/11/2023 10:38:05): _process_command: get ['page', 'width'] {} (Line: 83) [local_connection.py]
DEBUG (14/11/2023 10:38:05): _process_command: get ['page', 'height'] {} (Line: 83) [local_connection.py]
DEBUG (14/11/2023 10:38:05): _process_command: get ['page', 'windowWidth'] {} (Line: 83) [local_connection.py]
DEBUG (14/11/2023 10:38:05): _process_command: get ['page', 'windowHeight'] {} (Line: 83) [local_connection.py]
DEBUG (14/11/2023 10:38:05): _process_command: get ['page', 'windowTop'] {} (Line: 83) [local_connection.py]
DEBUG (14/11/2023 10:38:05): _process_command: get ['page', 'windowLeft'] {} (Line: 83) [local_connection.py]
DEBUG (14/11/2023 10:38:05): _process_command: get ['page', 'clientIP'] {} (Line: 83) [local_connection.py]
DEBUG (14/11/2023 10:38:05): _process_command: get ['page', 'clientUserAgent'] {} (Line: 83) [local_connection.py]
INFO (14/11/2023 10:38:05): Session started:  (Line: 356) [app.py]
DEBUG (14/11/2023 10:38:05): _process_command: set ['page'] {'title': 'Scan OS', 'windowheight': '500', 'windowresizable': 'false', 'windowwidth': '500'} (Line: 83) [local_connection.py]
DEBUG (14/11/2023 10:38:05): _process_command: add [] {'to': 'page', 'at': '0'} (Line: 83) [local_connection.py]
DEBUG (14/11/2023 10:38:05): _process_command: add [] {'to': 'page', 'at': '1'} (Line: 83) [local_connection.py]
DEBUG (14/11/2023 10:38:05): __send: {"action":"pageControlsBatch","payload":[{"action":"updateControlProps","payload":{"props":[{"i":"page","title":"Scan OS","windowheight":"500","windowresizable":"false","windowwidth":"500"}]}},{"action":"addPageControls","payload":{"controls":[{"t":"view","i":"_1","p":"page","c":["_2","_3","_4","_5","_6"],"at":"0","horizontalalignment":"MainAxisAlignment.CENTER","verticalalignment":"center"},{"t":"textfield","i":"_2","p":"_1","c":[],"autofocus":"true","label":"Login"},{"t":"textfield","i":"_3","p":"_1","c":[],"label":"Password"},{"t":"textfield","i":"_4","p":"_1","c":[],"label":"Port"},{"t":"textfield","i":"_5","p":"_1","c":[],"label":"IP"},{"t":"elevatedbutton","i":"_6","p":"_1","c":[],"text":"Scan"}],"trimIDs":[]}},{"action":"addPageControls","payload":{"controls":[{"t":"offstage","i":"_7","p":"page","c":["_8"],"at":"1"},{"t":"clipboard","i":"_8","p":"_7","c":[]}],"trimIDs":[]}}]} (Line: 166) [sync_local_socket_connection.py]
DEBUG (14/11/2023 10:38:05): Sent: 899 (Line: 174) [sync_local_socket_connection.py]
DEBUG (14/11/2023 10:38:05): Message size: 113 (Line: 184) [sync_local_socket_connection.py]
DEBUG (14/11/2023 10:38:05): _on_message: {"action":"updateControlProps","payload":{"props":[{"i":"page","width":"1264.0"},{"i":"page","height":"681.0"}]}} (Line: 78) [sync_local_socket_connection.py]
DEBUG (14/11/2023 10:38:05): page.on_event: page change [{"i":"page","width":"1264.0"},{"i":"page","height":"681.0"}] (Line: 485) [page.py]
DEBUG (14/11/2023 10:38:05): Message size: 110 (Line: 184) [sync_local_socket_connection.py]
DEBUG (14/11/2023 10:38:05): _on_message: {"action":"pageEventFromWeb","payload":{"eventTarget":"page","eventName":"resize","eventData":"1264.0,681.0"}} (Line: 78) [sync_local_socket_connection.py]
DEBUG (14/11/2023 10:38:05): page.on_event: page resize 1264.0,681.0 (Line: 485) [page.py]
DEBUG (14/11/2023 10:38:05): Message size: 94 (Line: 184) [sync_local_socket_connection.py]
DEBUG (14/11/2023 10:38:05): _on_message: {"action":"updateControlProps","payload":{"props":[{"i":"page","platformBrightness":"dark"}]}} (Line: 78) [sync_local_socket_connection.py]
DEBUG (14/11/2023 10:38:05): page.on_event: page change [{"i":"page","platformBrightness":"dark"}] (Line: 485) [page.py]
DEBUG (14/11/2023 10:38:05): Message size: 120 (Line: 184) [sync_local_socket_connection.py]
DEBUG (14/11/2023 10:38:05): _on_message: {"action":"pageEventFromWeb","payload":{"eventTarget":"page","eventName":"platformBrightnessChange","eventData":"dark"}} (Line: 78) [sync_local_socket_connection.py]
DEBUG (14/11/2023 10:38:05): page.on_event: page platformBrightnessChange dark (Line: 485) [page.py]
DEBUG (14/11/2023 10:38:05): Message size: 95 (Line: 184) [sync_local_socket_connection.py]
DEBUG (14/11/2023 10:38:05): _on_message: {"action":"pageEventFromWeb","payload":{"eventTarget":"_2","eventName":"focus","eventData":""}} (Line: 78) [sync_local_socket_connection.py]
DEBUG (14/11/2023 10:38:05): page.on_event: _2 focus  (Line: 485) [page.py]
DEBUG (14/11/2023 10:38:05): Message size: 94 (Line: 184) [sync_local_socket_connection.py]
DEBUG (14/11/2023 10:38:05): _on_message: {"action":"pageEventFromWeb","payload":{"eventTarget":"_2","eventName":"blur","eventData":""}} (Line: 78) [sync_local_socket_connection.py]
DEBUG (14/11/2023 10:38:05): page.on_event: _2 blur  (Line: 485) [page.py]
DEBUG (14/11/2023 10:38:05): Message size: 95 (Line: 184) [sync_local_socket_connection.py]
DEBUG (14/11/2023 10:38:05): _on_message: {"action":"pageEventFromWeb","payload":{"eventTarget":"_2","eventName":"focus","eventData":""}} (Line: 78) [sync_local_socket_connection.py]
DEBUG (14/11/2023 10:38:05): page.on_event: _2 focus  (Line: 485) [page.py]
DEBUG (14/11/2023 10:38:05): Message size: 402 (Line: 184) [sync_local_socket_connection.py]
DEBUG (14/11/2023 10:38:05): _on_message: {"action":"updateControlProps","payload":{"props":[{"i":"page","width":"484.0"},{"i":"page","height":"461.0"},{"i":"page","windowwidth":"500.0"},{"i":"page","windowheight":"500.0"},{"i":"page","windowtop":"10.0"},{"i":"page","windowleft":"10.0"},{"i":"page","windowminimized":"false"},{"i":"page","windowmaximized":"false"},{"i":"page","windowfocused":"true"},{"i":"page","windowfullscreen":"false"}]}} (Line: 78) [sync_local_socket_connection.py]
DEBUG (14/11/2023 10:38:05): page.on_event: page change [{"i":"page","width":"484.0"},{"i":"page","height":"461.0"},{"i":"page","windowwidth":"500.0"},{"i":"page","windowheight":"500.0"},{"i":"page","windowtop":"10.0"},{"i":"page","windowleft":"10.0"},{"i":"page","windowminimized":"false"},{"i":"page","windowmaximized":"false"},{"i":"page","windowfocused":"true"},{"i":"page","windowfullscreen":"false"}] (Line: 485) [page.py]
DEBUG (14/11/2023 10:38:05): Message size: 109 (Line: 184) [sync_local_socket_connection.py]
DEBUG (14/11/2023 10:38:05): _on_message: {"action":"pageEventFromWeb","payload":{"eventTarget":"page","eventName":"resize","eventData":"484.0,461.0"}} (Line: 78) [sync_local_socket_connection.py]
DEBUG (14/11/2023 10:38:05): page.on_event: page resize 484.0,461.0 (Line: 485) [page.py]
DEBUG (14/11/2023 10:38:07): Message size: 345 (Line: 184) [sync_local_socket_connection.py]
DEBUG (14/11/2023 10:38:07): _on_message: {"action":"updateControlProps","payload":{"props":[{"i":"page","windowwidth":"500.0"},{"i":"page","windowheight":"500.0"},{"i":"page","windowtop":"367.0"},{"i":"page","windowleft":"872.0"},{"i":"page","windowminimized":"false"},{"i":"page","windowmaximized":"false"},{"i":"page","windowfocused":"true"},{"i":"page","windowfullscreen":"false"}]}} (Line: 78) [sync_local_socket_connection.py]
DEBUG (14/11/2023 10:38:07): page.on_event: page change [{"i":"page","windowwidth":"500.0"},{"i":"page","windowheight":"500.0"},{"i":"page","windowtop":"367.0"},{"i":"page","windowleft":"872.0"},{"i":"page","windowminimized":"false"},{"i":"page","windowmaximized":"false"},{"i":"page","windowfocused":"true"},{"i":"page","windowfullscreen":"false"}] (Line: 485) [page.py]
DEBUG (14/11/2023 10:38:07): Message size: 109 (Line: 184) [sync_local_socket_connection.py]
DEBUG (14/11/2023 10:38:07): _on_message: {"action":"pageEventFromWeb","payload":{"eventTarget":"page","eventName":"window_event","eventData":"moved"}} (Line: 78) [sync_local_socket_connection.py]
DEBUG (14/11/2023 10:38:07): page.on_event: page window_event moved (Line: 485) [page.py]
DEBUG (14/11/2023 10:38:08): Message size: 76 (Line: 184) [sync_local_socket_connection.py]
DEBUG (14/11/2023 10:38:08): _on_message: {"action":"updateControlProps","payload":{"props":[{"i":"_2","value":"k"}]}} (Line: 78) [sync_local_socket_connection.py]
DEBUG (14/11/2023 10:38:08): page.on_event: page change [{"i":"_2","value":"k"}] (Line: 485) [page.py]
DEBUG (14/11/2023 10:38:08): Message size: 77 (Line: 184) [sync_local_socket_connection.py]
DEBUG (14/11/2023 10:38:08): _on_message: {"action":"updateControlProps","payload":{"props":[{"i":"_2","value":"ka"}]}} (Line: 78) [sync_local_socket_connection.py]
DEBUG (14/11/2023 10:38:08): page.on_event: page change [{"i":"_2","value":"ka"}] (Line: 485) [page.py]
DEBUG (14/11/2023 10:38:08): Message size: 78 (Line: 184) [sync_local_socket_connection.py]
DEBUG (14/11/2023 10:38:08): _on_message: {"action":"updateControlProps","payload":{"props":[{"i":"_2","value":"kal"}]}} (Line: 78) [sync_local_socket_connection.py]
DEBUG (14/11/2023 10:38:08): page.on_event: page change [{"i":"_2","value":"kal"}] (Line: 485) [page.py]
DEBUG (14/11/2023 10:38:08): Message size: 79 (Line: 184) [sync_local_socket_connection.py]
DEBUG (14/11/2023 10:38:08): _on_message: {"action":"updateControlProps","payload":{"props":[{"i":"_2","value":"kali"}]}} (Line: 78) [sync_local_socket_connection.py]
DEBUG (14/11/2023 10:38:08): page.on_event: page change [{"i":"_2","value":"kali"}] (Line: 485) [page.py]
DEBUG (14/11/2023 10:38:08): Message size: 94 (Line: 184) [sync_local_socket_connection.py]
DEBUG (14/11/2023 10:38:08): _on_message: {"action":"pageEventFromWeb","payload":{"eventTarget":"_2","eventName":"blur","eventData":""}} (Line: 78) [sync_local_socket_connection.py]
DEBUG (14/11/2023 10:38:08): page.on_event: _2 blur  (Line: 485) [page.py]
DEBUG (14/11/2023 10:38:08): Message size: 95 (Line: 184) [sync_local_socket_connection.py]
DEBUG (14/11/2023 10:38:08): _on_message: {"action":"pageEventFromWeb","payload":{"eventTarget":"_3","eventName":"focus","eventData":""}} (Line: 78) [sync_local_socket_connection.py]
DEBUG (14/11/2023 10:38:08): page.on_event: _3 focus  (Line: 485) [page.py]
DEBUG (14/11/2023 10:38:08): Message size: 76 (Line: 184) [sync_local_socket_connection.py]
DEBUG (14/11/2023 10:38:08): _on_message: {"action":"updateControlProps","payload":{"props":[{"i":"_3","value":"k"}]}} (Line: 78) [sync_local_socket_connection.py]
DEBUG (14/11/2023 10:38:08): page.on_event: page change [{"i":"_3","value":"k"}] (Line: 485) [page.py]
DEBUG (14/11/2023 10:38:09): Message size: 77 (Line: 184) [sync_local_socket_connection.py]
DEBUG (14/11/2023 10:38:09): _on_message: {"action":"updateControlProps","payload":{"props":[{"i":"_3","value":"ka"}]}} (Line: 78) [sync_local_socket_connection.py]
DEBUG (14/11/2023 10:38:09): page.on_event: page change [{"i":"_3","value":"ka"}] (Line: 485) [page.py]
DEBUG (14/11/2023 10:38:09): Message size: 78 (Line: 184) [sync_local_socket_connection.py]
DEBUG (14/11/2023 10:38:09): _on_message: {"action":"updateControlProps","payload":{"props":[{"i":"_3","value":"kal"}]}} (Line: 78) [sync_local_socket_connection.py]
DEBUG (14/11/2023 10:38:09): page.on_event: page change [{"i":"_3","value":"kal"}] (Line: 485) [page.py]
DEBUG (14/11/2023 10:38:09): Message size: 79 (Line: 184) [sync_local_socket_connection.py]
DEBUG (14/11/2023 10:38:09): _on_message: {"action":"updateControlProps","payload":{"props":[{"i":"_3","value":"kali"}]}} (Line: 78) [sync_local_socket_connection.py]
DEBUG (14/11/2023 10:38:09): page.on_event: page change [{"i":"_3","value":"kali"}] (Line: 485) [page.py]
DEBUG (14/11/2023 10:38:09): Message size: 94 (Line: 184) [sync_local_socket_connection.py]
DEBUG (14/11/2023 10:38:09): _on_message: {"action":"pageEventFromWeb","payload":{"eventTarget":"_3","eventName":"blur","eventData":""}} (Line: 78) [sync_local_socket_connection.py]
DEBUG (14/11/2023 10:38:09): page.on_event: _3 blur  (Line: 485) [page.py]
DEBUG (14/11/2023 10:38:09): Message size: 95 (Line: 184) [sync_local_socket_connection.py]
DEBUG (14/11/2023 10:38:09): _on_message: {"action":"pageEventFromWeb","payload":{"eventTarget":"_4","eventName":"focus","eventData":""}} (Line: 78) [sync_local_socket_connection.py]
DEBUG (14/11/2023 10:38:09): page.on_event: _4 focus  (Line: 485) [page.py]
DEBUG (14/11/2023 10:38:10): Message size: 76 (Line: 184) [sync_local_socket_connection.py]
DEBUG (14/11/2023 10:38:10): _on_message: {"action":"updateControlProps","payload":{"props":[{"i":"_4","value":"2"}]}} (Line: 78) [sync_local_socket_connection.py]
DEBUG (14/11/2023 10:38:10): page.on_event: page change [{"i":"_4","value":"2"}] (Line: 485) [page.py]
DEBUG (14/11/2023 10:38:10): Message size: 77 (Line: 184) [sync_local_socket_connection.py]
DEBUG (14/11/2023 10:38:10): _on_message: {"action":"updateControlProps","payload":{"props":[{"i":"_4","value":"22"}]}} (Line: 78) [sync_local_socket_connection.py]
DEBUG (14/11/2023 10:38:10): page.on_event: page change [{"i":"_4","value":"22"}] (Line: 485) [page.py]
DEBUG (14/11/2023 10:38:10): Message size: 94 (Line: 184) [sync_local_socket_connection.py]
DEBUG (14/11/2023 10:38:10): _on_message: {"action":"pageEventFromWeb","payload":{"eventTarget":"_4","eventName":"blur","eventData":""}} (Line: 78) [sync_local_socket_connection.py]
DEBUG (14/11/2023 10:38:10): page.on_event: _4 blur  (Line: 485) [page.py]
DEBUG (14/11/2023 10:38:10): Message size: 95 (Line: 184) [sync_local_socket_connection.py]
DEBUG (14/11/2023 10:38:10): _on_message: {"action":"pageEventFromWeb","payload":{"eventTarget":"_5","eventName":"focus","eventData":""}} (Line: 78) [sync_local_socket_connection.py]
DEBUG (14/11/2023 10:38:10): page.on_event: _5 focus  (Line: 485) [page.py]
DEBUG (14/11/2023 10:38:12): Message size: 346 (Line: 184) [sync_local_socket_connection.py]
DEBUG (14/11/2023 10:38:12): _on_message: {"action":"updateControlProps","payload":{"props":[{"i":"page","windowwidth":"500.0"},{"i":"page","windowheight":"500.0"},{"i":"page","windowtop":"367.0"},{"i":"page","windowleft":"872.0"},{"i":"page","windowminimized":"false"},{"i":"page","windowmaximized":"false"},{"i":"page","windowfocused":"false"},{"i":"page","windowfullscreen":"false"}]}} (Line: 78) [sync_local_socket_connection.py]
DEBUG (14/11/2023 10:38:12): page.on_event: page change [{"i":"page","windowwidth":"500.0"},{"i":"page","windowheight":"500.0"},{"i":"page","windowtop":"367.0"},{"i":"page","windowleft":"872.0"},{"i":"page","windowminimized":"false"},{"i":"page","windowmaximized":"false"},{"i":"page","windowfocused":"false"},{"i":"page","windowfullscreen":"false"}] (Line: 485) [page.py]
DEBUG (14/11/2023 10:38:12): Message size: 108 (Line: 184) [sync_local_socket_connection.py]
DEBUG (14/11/2023 10:38:12): _on_message: {"action":"pageEventFromWeb","payload":{"eventTarget":"page","eventName":"window_event","eventData":"blur"}} (Line: 78) [sync_local_socket_connection.py]
DEBUG (14/11/2023 10:38:12): page.on_event: page window_event blur (Line: 485) [page.py]
DEBUG (14/11/2023 10:38:14): Message size: 345 (Line: 184) [sync_local_socket_connection.py]
DEBUG (14/11/2023 10:38:14): _on_message: {"action":"updateControlProps","payload":{"props":[{"i":"page","windowwidth":"500.0"},{"i":"page","windowheight":"500.0"},{"i":"page","windowtop":"367.0"},{"i":"page","windowleft":"872.0"},{"i":"page","windowminimized":"false"},{"i":"page","windowmaximized":"false"},{"i":"page","windowfocused":"true"},{"i":"page","windowfullscreen":"false"}]}} (Line: 78) [sync_local_socket_connection.py]
DEBUG (14/11/2023 10:38:14): page.on_event: page change [{"i":"page","windowwidth":"500.0"},{"i":"page","windowheight":"500.0"},{"i":"page","windowtop":"367.0"},{"i":"page","windowleft":"872.0"},{"i":"page","windowminimized":"false"},{"i":"page","windowmaximized":"false"},{"i":"page","windowfocused":"true"},{"i":"page","windowfullscreen":"false"}] (Line: 485) [page.py]
DEBUG (14/11/2023 10:38:14): Message size: 109 (Line: 184) [sync_local_socket_connection.py]
DEBUG (14/11/2023 10:38:14): _on_message: {"action":"pageEventFromWeb","payload":{"eventTarget":"page","eventName":"window_event","eventData":"focus"}} (Line: 78) [sync_local_socket_connection.py]
DEBUG (14/11/2023 10:38:14): page.on_event: page window_event focus (Line: 485) [page.py]
DEBUG (14/11/2023 10:38:14): Message size: 90 (Line: 184) [sync_local_socket_connection.py]
DEBUG (14/11/2023 10:38:14): _on_message: {"action":"updateControlProps","payload":{"props":[{"i":"_5","value":"192.168.159.152"}]}} (Line: 78) [sync_local_socket_connection.py]
DEBUG (14/11/2023 10:38:14): page.on_event: page change [{"i":"_5","value":"192.168.159.152"}] (Line: 485) [page.py]
DEBUG (14/11/2023 10:38:14): Message size: 94 (Line: 184) [sync_local_socket_connection.py]
DEBUG (14/11/2023 10:38:14): _on_message: {"action":"pageEventFromWeb","payload":{"eventTarget":"_5","eventName":"blur","eventData":""}} (Line: 78) [sync_local_socket_connection.py]
DEBUG (14/11/2023 10:38:14): page.on_event: _5 blur  (Line: 485) [page.py]
DEBUG (14/11/2023 10:38:14): Message size: 95 (Line: 184) [sync_local_socket_connection.py]
DEBUG (14/11/2023 10:38:14): _on_message: {"action":"pageEventFromWeb","payload":{"eventTarget":"_6","eventName":"click","eventData":""}} (Line: 78) [sync_local_socket_connection.py]
DEBUG (14/11/2023 10:38:14): page.on_event: _6 click  (Line: 485) [page.py]
DEBUG (14/11/2023 10:38:14): starting thread (client mode): 0x4cbe190 (Line: 1893) [transport.py]
DEBUG (14/11/2023 10:38:14): Local version/idstring: SSH-2.0-paramiko_3.3.1 (Line: 1893) [transport.py]
DEBUG (14/11/2023 10:38:14): Remote version/idstring: SSH-2.0-OpenSSH_9.4p1 Debian-1 (Line: 1893) [transport.py]
INFO (14/11/2023 10:38:14): Connected (version 2.0, client OpenSSH_9.4p1) (Line: 1893) [transport.py]
DEBUG (14/11/2023 10:38:14): === Key exchange possibilities === (Line: 1893) [transport.py]
DEBUG (14/11/2023 10:38:14): kex algos: sntrup761x25519-sha512@openssh.com, curve25519-sha256, curve25519-sha256@libssh.org, ecdh-sha2-nistp256, ecdh-sha2-nistp384, ecdh-sha2-nistp521, diffie-hellman-group-exchange-sha256, diffie-hellman-group16-sha512, diffie-hellman-group18-sha512, diffie-hellman-group14-sha256 (Line: 1893) [transport.py]
DEBUG (14/11/2023 10:38:14): server key: rsa-sha2-512, rsa-sha2-256, ecdsa-sha2-nistp256, ssh-ed25519 (Line: 1893) [transport.py]
DEBUG (14/11/2023 10:38:14): client encrypt: chacha20-poly1305@openssh.com, aes128-ctr, aes192-ctr, aes256-ctr, aes128-gcm@openssh.com, aes256-gcm@openssh.com (Line: 1893) [transport.py]
DEBUG (14/11/2023 10:38:14): server encrypt: chacha20-poly1305@openssh.com, aes128-ctr, aes192-ctr, aes256-ctr, aes128-gcm@openssh.com, aes256-gcm@openssh.com (Line: 1893) [transport.py]
DEBUG (14/11/2023 10:38:14): client mac: umac-64-etm@openssh.com, umac-128-etm@openssh.com, hmac-sha2-256-etm@openssh.com, hmac-sha2-512-etm@openssh.com, hmac-sha1-etm@openssh.com, umac-64@openssh.com, umac-128@openssh.com, hmac-sha2-256, hmac-sha2-512, hmac-sha1 (Line: 1893) [transport.py]
DEBUG (14/11/2023 10:38:14): server mac: umac-64-etm@openssh.com, umac-128-etm@openssh.com, hmac-sha2-256-etm@openssh.com, hmac-sha2-512-etm@openssh.com, hmac-sha1-etm@openssh.com, umac-64@openssh.com, umac-128@openssh.com, hmac-sha2-256, hmac-sha2-512, hmac-sha1 (Line: 1893) [transport.py]
DEBUG (14/11/2023 10:38:14): client compress: none, zlib@openssh.com (Line: 1893) [transport.py]
DEBUG (14/11/2023 10:38:14): server compress: none, zlib@openssh.com (Line: 1893) [transport.py]
DEBUG (14/11/2023 10:38:14): client lang: <none> (Line: 1893) [transport.py]
DEBUG (14/11/2023 10:38:14): server lang: <none> (Line: 1893) [transport.py]
DEBUG (14/11/2023 10:38:14): kex follows: False (Line: 1893) [transport.py]
DEBUG (14/11/2023 10:38:14): === Key exchange agreements === (Line: 1893) [transport.py]
DEBUG (14/11/2023 10:38:14): Kex: curve25519-sha256@libssh.org (Line: 1893) [transport.py]
DEBUG (14/11/2023 10:38:14): HostKey: ssh-ed25519 (Line: 1893) [transport.py]
DEBUG (14/11/2023 10:38:14): Cipher: aes128-ctr (Line: 1893) [transport.py]
DEBUG (14/11/2023 10:38:14): MAC: hmac-sha2-256 (Line: 1893) [transport.py]
DEBUG (14/11/2023 10:38:14): Compression: none (Line: 1893) [transport.py]
DEBUG (14/11/2023 10:38:14): === End of kex handshake === (Line: 1893) [transport.py]
DEBUG (14/11/2023 10:38:14): kex engine KexCurve25519 specified hash_algo <built-in function openssl_sha256> (Line: 1893) [transport.py]
DEBUG (14/11/2023 10:38:14): Switch to new keys ... (Line: 1893) [transport.py]
DEBUG (14/11/2023 10:38:14): Got EXT_INFO: {'server-sig-algs': b'ssh-ed25519,sk-ssh-ed25519@openssh.com,ecdsa-sha2-nistp256,ecdsa-sha2-nistp384,ecdsa-sha2-nistp521,sk-ecdsa-sha2-nistp256@openssh.com,webauthn-sk-ecdsa-sha2-nistp256@openssh.com,ssh-dss,ssh-rsa,rsa-sha2-256,rsa-sha2-512', 'publickey-hostbound@openssh.com': b'0'} (Line: 1893) [transport.py]
DEBUG (14/11/2023 10:38:14): Adding ssh-ed25519 host key for 192.168.159.152: b'cc1bf77c16ec05445426782d03307cd1' (Line: 1893) [transport.py]
DEBUG (14/11/2023 10:38:14): userauth is OK (Line: 1893) [transport.py]
INFO (14/11/2023 10:38:14): Authentication (password) successful! (Line: 1893) [transport.py]
DEBUG (14/11/2023 10:38:14): [chan 0] Max packet in: 32768 bytes (Line: 1210) [channel.py]
DEBUG (14/11/2023 10:38:14): Received global request "hostkeys-00@openssh.com" (Line: 1893) [transport.py]
DEBUG (14/11/2023 10:38:14): Rejecting "hostkeys-00@openssh.com" global request from server. (Line: 1893) [transport.py]
DEBUG (14/11/2023 10:38:14): [chan 0] Max packet out: 32768 bytes (Line: 1210) [channel.py]
DEBUG (14/11/2023 10:38:14): Secsh channel 0 opened. (Line: 1893) [transport.py]
DEBUG (14/11/2023 10:38:14): [chan 0] Sesch channel 0 request ok (Line: 1210) [channel.py]
DEBUG (14/11/2023 10:38:14): [chan 0] EOF received (0) (Line: 1210) [channel.py]
DEBUG (14/11/2023 10:38:14): [chan 0] EOF sent (0) (Line: 1210) [channel.py]
DEBUG (14/11/2023 10:38:14): EOF in transport thread (Line: 1893) [transport.py]
DEBUG (14/11/2023 10:38:14): _process_command: add [] {'to': '_7', 'at': '1'} (Line: 83) [local_connection.py]
DEBUG (14/11/2023 10:38:14): __send: {"action":"pageControlsBatch","payload":[{"action":"addPageControls","payload":{"controls":[{"t":"alertdialog","i":"_9","p":"_7","c":["_10"],"at":"1","modal":"false","open":"true"},{"t":"text","i":"_10","p":"_9","c":[],"n":"title","textalign":"center","value":"Successfully"}],"trimIDs":[]}}]} (Line: 166) [sync_local_socket_connection.py]
DEBUG (14/11/2023 10:38:14): Sent: 297 (Line: 174) [sync_local_socket_connection.py]
DEBUG (14/11/2023 10:38:17): Message size: 346 (Line: 184) [sync_local_socket_connection.py]
DEBUG (14/11/2023 10:38:17): _on_message: {"action":"updateControlProps","payload":{"props":[{"i":"page","windowwidth":"500.0"},{"i":"page","windowheight":"500.0"},{"i":"page","windowtop":"430.0"},{"i":"page","windowleft":"1152.0"},{"i":"page","windowminimized":"false"},{"i":"page","windowmaximized":"false"},{"i":"page","windowfocused":"true"},{"i":"page","windowfullscreen":"false"}]}} (Line: 78) [sync_local_socket_connection.py]
DEBUG (14/11/2023 10:38:17): page.on_event: page change [{"i":"page","windowwidth":"500.0"},{"i":"page","windowheight":"500.0"},{"i":"page","windowtop":"430.0"},{"i":"page","windowleft":"1152.0"},{"i":"page","windowminimized":"false"},{"i":"page","windowmaximized":"false"},{"i":"page","windowfocused":"true"},{"i":"page","windowfullscreen":"false"}] (Line: 485) [page.py]
DEBUG (14/11/2023 10:38:17): Message size: 109 (Line: 184) [sync_local_socket_connection.py]
DEBUG (14/11/2023 10:38:17): _on_message: {"action":"pageEventFromWeb","payload":{"eventTarget":"page","eventName":"window_event","eventData":"moved"}} (Line: 78) [sync_local_socket_connection.py]
DEBUG (14/11/2023 10:38:17): page.on_event: page window_event moved (Line: 485) [page.py]
DEBUG (14/11/2023 10:38:17): Message size: 347 (Line: 184) [sync_local_socket_connection.py]
DEBUG (14/11/2023 10:38:17): _on_message: {"action":"updateControlProps","payload":{"props":[{"i":"page","windowwidth":"500.0"},{"i":"page","windowheight":"500.0"},{"i":"page","windowtop":"430.0"},{"i":"page","windowleft":"1152.0"},{"i":"page","windowminimized":"false"},{"i":"page","windowmaximized":"false"},{"i":"page","windowfocused":"false"},{"i":"page","windowfullscreen":"false"}]}} (Line: 78) [sync_local_socket_connection.py]
DEBUG (14/11/2023 10:38:17): page.on_event: page change [{"i":"page","windowwidth":"500.0"},{"i":"page","windowheight":"500.0"},{"i":"page","windowtop":"430.0"},{"i":"page","windowleft":"1152.0"},{"i":"page","windowminimized":"false"},{"i":"page","windowmaximized":"false"},{"i":"page","windowfocused":"false"},{"i":"page","windowfullscreen":"false"}] (Line: 485) [page.py]
DEBUG (14/11/2023 10:38:17): Message size: 108 (Line: 184) [sync_local_socket_connection.py]
DEBUG (14/11/2023 10:38:17): _on_message: {"action":"pageEventFromWeb","payload":{"eventTarget":"page","eventName":"window_event","eventData":"blur"}} (Line: 78) [sync_local_socket_connection.py]
DEBUG (14/11/2023 10:38:17): page.on_event: page window_event blur (Line: 485) [page.py]
DEBUG (14/11/2023 10:38:43): Message size: 346 (Line: 184) [sync_local_socket_connection.py]
DEBUG (14/11/2023 10:38:43): _on_message: {"action":"updateControlProps","payload":{"props":[{"i":"page","windowwidth":"500.0"},{"i":"page","windowheight":"500.0"},{"i":"page","windowtop":"430.0"},{"i":"page","windowleft":"1152.0"},{"i":"page","windowminimized":"false"},{"i":"page","windowmaximized":"false"},{"i":"page","windowfocused":"true"},{"i":"page","windowfullscreen":"false"}]}} (Line: 78) [sync_local_socket_connection.py]
DEBUG (14/11/2023 10:38:43): page.on_event: page change [{"i":"page","windowwidth":"500.0"},{"i":"page","windowheight":"500.0"},{"i":"page","windowtop":"430.0"},{"i":"page","windowleft":"1152.0"},{"i":"page","windowminimized":"false"},{"i":"page","windowmaximized":"false"},{"i":"page","windowfocused":"true"},{"i":"page","windowfullscreen":"false"}] (Line: 485) [page.py]
DEBUG (14/11/2023 10:38:43): Message size: 109 (Line: 184) [sync_local_socket_connection.py]
DEBUG (14/11/2023 10:38:43): _on_message: {"action":"pageEventFromWeb","payload":{"eventTarget":"page","eventName":"window_event","eventData":"focus"}} (Line: 78) [sync_local_socket_connection.py]
DEBUG (14/11/2023 10:38:43): page.on_event: page window_event focus (Line: 485) [page.py]
DEBUG (14/11/2023 10:38:43): Message size: 79 (Line: 184) [sync_local_socket_connection.py]
DEBUG (14/11/2023 10:38:43): _on_message: {"action":"updateControlProps","payload":{"props":[{"i":"_9","open":"false"}]}} (Line: 78) [sync_local_socket_connection.py]
DEBUG (14/11/2023 10:38:43): page.on_event: page change [{"i":"_9","open":"false"}] (Line: 485) [page.py]
DEBUG (14/11/2023 10:38:43): Message size: 97 (Line: 184) [sync_local_socket_connection.py]
DEBUG (14/11/2023 10:38:43): _on_message: {"action":"pageEventFromWeb","payload":{"eventTarget":"_9","eventName":"dismiss","eventData":""}} (Line: 78) [sync_local_socket_connection.py]
DEBUG (14/11/2023 10:38:43): page.on_event: _9 dismiss  (Line: 485) [page.py]
DEBUG (14/11/2023 10:38:47): Message size: 347 (Line: 184) [sync_local_socket_connection.py]
DEBUG (14/11/2023 10:38:47): _on_message: {"action":"updateControlProps","payload":{"props":[{"i":"page","windowwidth":"500.0"},{"i":"page","windowheight":"500.0"},{"i":"page","windowtop":"430.0"},{"i":"page","windowleft":"1152.0"},{"i":"page","windowminimized":"false"},{"i":"page","windowmaximized":"false"},{"i":"page","windowfocused":"false"},{"i":"page","windowfullscreen":"false"}]}} (Line: 78) [sync_local_socket_connection.py]
DEBUG (14/11/2023 10:38:47): page.on_event: page change [{"i":"page","windowwidth":"500.0"},{"i":"page","windowheight":"500.0"},{"i":"page","windowtop":"430.0"},{"i":"page","windowleft":"1152.0"},{"i":"page","windowminimized":"false"},{"i":"page","windowmaximized":"false"},{"i":"page","windowfocused":"false"},{"i":"page","windowfullscreen":"false"}] (Line: 485) [page.py]
DEBUG (14/11/2023 10:38:47): Message size: 108 (Line: 184) [sync_local_socket_connection.py]
DEBUG (14/11/2023 10:38:47): _on_message: {"action":"pageEventFromWeb","payload":{"eventTarget":"page","eventName":"window_event","eventData":"blur"}} (Line: 78) [sync_local_socket_connection.py]
DEBUG (14/11/2023 10:38:47): page.on_event: page window_event blur (Line: 485) [page.py]
DEBUG (14/11/2023 10:39:11): Message size: 346 (Line: 184) [sync_local_socket_connection.py]
DEBUG (14/11/2023 10:39:11): _on_message: {"action":"updateControlProps","payload":{"props":[{"i":"page","windowwidth":"500.0"},{"i":"page","windowheight":"500.0"},{"i":"page","windowtop":"430.0"},{"i":"page","windowleft":"1152.0"},{"i":"page","windowminimized":"false"},{"i":"page","windowmaximized":"false"},{"i":"page","windowfocused":"true"},{"i":"page","windowfullscreen":"false"}]}} (Line: 78) [sync_local_socket_connection.py]
DEBUG (14/11/2023 10:39:11): page.on_event: page change [{"i":"page","windowwidth":"500.0"},{"i":"page","windowheight":"500.0"},{"i":"page","windowtop":"430.0"},{"i":"page","windowleft":"1152.0"},{"i":"page","windowminimized":"false"},{"i":"page","windowmaximized":"false"},{"i":"page","windowfocused":"true"},{"i":"page","windowfullscreen":"false"}] (Line: 485) [page.py]
DEBUG (14/11/2023 10:39:11): Message size: 109 (Line: 184) [sync_local_socket_connection.py]
DEBUG (14/11/2023 10:39:11): _on_message: {"action":"pageEventFromWeb","payload":{"eventTarget":"page","eventName":"window_event","eventData":"focus"}} (Line: 78) [sync_local_socket_connection.py]
DEBUG (14/11/2023 10:39:11): page.on_event: page window_event focus (Line: 485) [page.py]
DEBUG (14/11/2023 10:39:12): Message size: 347 (Line: 184) [sync_local_socket_connection.py]
DEBUG (14/11/2023 10:39:12): _on_message: {"action":"updateControlProps","payload":{"props":[{"i":"page","windowwidth":"500.0"},{"i":"page","windowheight":"500.0"},{"i":"page","windowtop":"430.0"},{"i":"page","windowleft":"1152.0"},{"i":"page","windowminimized":"false"},{"i":"page","windowmaximized":"false"},{"i":"page","windowfocused":"false"},{"i":"page","windowfullscreen":"false"}]}} (Line: 78) [sync_local_socket_connection.py]
DEBUG (14/11/2023 10:39:12): page.on_event: page change [{"i":"page","windowwidth":"500.0"},{"i":"page","windowheight":"500.0"},{"i":"page","windowtop":"430.0"},{"i":"page","windowleft":"1152.0"},{"i":"page","windowminimized":"false"},{"i":"page","windowmaximized":"false"},{"i":"page","windowfocused":"false"},{"i":"page","windowfullscreen":"false"}] (Line: 485) [page.py]
DEBUG (14/11/2023 10:39:12): Message size: 108 (Line: 184) [sync_local_socket_connection.py]
DEBUG (14/11/2023 10:39:12): _on_message: {"action":"pageEventFromWeb","payload":{"eventTarget":"page","eventName":"window_event","eventData":"blur"}} (Line: 78) [sync_local_socket_connection.py]
DEBUG (14/11/2023 10:39:12): page.on_event: page window_event blur (Line: 485) [page.py]
DEBUG (14/11/2023 10:39:20): Message size: 346 (Line: 184) [sync_local_socket_connection.py]
DEBUG (14/11/2023 10:39:20): _on_message: {"action":"updateControlProps","payload":{"props":[{"i":"page","windowwidth":"500.0"},{"i":"page","windowheight":"500.0"},{"i":"page","windowtop":"430.0"},{"i":"page","windowleft":"1152.0"},{"i":"page","windowminimized":"false"},{"i":"page","windowmaximized":"false"},{"i":"page","windowfocused":"true"},{"i":"page","windowfullscreen":"false"}]}} (Line: 78) [sync_local_socket_connection.py]
DEBUG (14/11/2023 10:39:20): page.on_event: page change [{"i":"page","windowwidth":"500.0"},{"i":"page","windowheight":"500.0"},{"i":"page","windowtop":"430.0"},{"i":"page","windowleft":"1152.0"},{"i":"page","windowminimized":"false"},{"i":"page","windowmaximized":"false"},{"i":"page","windowfocused":"true"},{"i":"page","windowfullscreen":"false"}] (Line: 485) [page.py]
DEBUG (14/11/2023 10:39:20): Message size: 109 (Line: 184) [sync_local_socket_connection.py]
DEBUG (14/11/2023 10:39:20): _on_message: {"action":"pageEventFromWeb","payload":{"eventTarget":"page","eventName":"window_event","eventData":"focus"}} (Line: 78) [sync_local_socket_connection.py]
DEBUG (14/11/2023 10:39:20): page.on_event: page window_event focus (Line: 485) [page.py]
DEBUG (14/11/2023 10:39:24): Message size: 347 (Line: 184) [sync_local_socket_connection.py]
DEBUG (14/11/2023 10:39:24): _on_message: {"action":"updateControlProps","payload":{"props":[{"i":"page","windowwidth":"500.0"},{"i":"page","windowheight":"500.0"},{"i":"page","windowtop":"430.0"},{"i":"page","windowleft":"1152.0"},{"i":"page","windowminimized":"false"},{"i":"page","windowmaximized":"false"},{"i":"page","windowfocused":"false"},{"i":"page","windowfullscreen":"false"}]}} (Line: 78) [sync_local_socket_connection.py]
DEBUG (14/11/2023 10:39:24): page.on_event: page change [{"i":"page","windowwidth":"500.0"},{"i":"page","windowheight":"500.0"},{"i":"page","windowtop":"430.0"},{"i":"page","windowleft":"1152.0"},{"i":"page","windowminimized":"false"},{"i":"page","windowmaximized":"false"},{"i":"page","windowfocused":"false"},{"i":"page","windowfullscreen":"false"}] (Line: 485) [page.py]
DEBUG (14/11/2023 10:39:24): Message size: 108 (Line: 184) [sync_local_socket_connection.py]
DEBUG (14/11/2023 10:39:24): _on_message: {"action":"pageEventFromWeb","payload":{"eventTarget":"page","eventName":"window_event","eventData":"blur"}} (Line: 78) [sync_local_socket_connection.py]
DEBUG (14/11/2023 10:39:24): page.on_event: page window_event blur (Line: 485) [page.py]
DEBUG (14/11/2023 10:40:24): Message size: 346 (Line: 184) [sync_local_socket_connection.py]
DEBUG (14/11/2023 10:40:24): _on_message: {"action":"updateControlProps","payload":{"props":[{"i":"page","windowwidth":"500.0"},{"i":"page","windowheight":"500.0"},{"i":"page","windowtop":"430.0"},{"i":"page","windowleft":"1152.0"},{"i":"page","windowminimized":"false"},{"i":"page","windowmaximized":"false"},{"i":"page","windowfocused":"true"},{"i":"page","windowfullscreen":"false"}]}} (Line: 78) [sync_local_socket_connection.py]
DEBUG (14/11/2023 10:40:24): page.on_event: page change [{"i":"page","windowwidth":"500.0"},{"i":"page","windowheight":"500.0"},{"i":"page","windowtop":"430.0"},{"i":"page","windowleft":"1152.0"},{"i":"page","windowminimized":"false"},{"i":"page","windowmaximized":"false"},{"i":"page","windowfocused":"true"},{"i":"page","windowfullscreen":"false"}] (Line: 485) [page.py]
DEBUG (14/11/2023 10:40:24): Message size: 109 (Line: 184) [sync_local_socket_connection.py]
DEBUG (14/11/2023 10:40:24): _on_message: {"action":"pageEventFromWeb","payload":{"eventTarget":"page","eventName":"window_event","eventData":"focus"}} (Line: 78) [sync_local_socket_connection.py]
DEBUG (14/11/2023 10:40:24): page.on_event: page window_event focus (Line: 485) [page.py]
DEBUG (14/11/2023 10:40:24): Flet View process 2220 (Line: 295) [app.py]
DEBUG (14/11/2023 10:40:24): Closing connection... (Line: 138) [sync_local_socket_connection.py]
